<?xml version="1.0" encoding="UTF-8"?>
<!-- Generated by org.testng.reporters.JUnitXMLReporter -->
<testsuite ignored="0" hostname="21RM8K3-Desk" failures="0" tests="7" name="my tests" time="7.285" errors="0" timestamp="2025-09-18T18:23:36 IST">
  <testcase classname="Day42.OrangeHRMLoginPage" name="openapp" time="4.029"/>
  <testcase classname="Day42.OrangeHRMLoginPage" name="testlogo" time="3.04"/>
  <testcase classname="Day42.OrangeHRMLoginPage" name="testlogin" time="0.105"/>
  <testcase classname="Day42.OrangeHRMLoginPage" name="testLogout" time="0.075"/>
  <testcase classname="Day42.FirstTestCase" name="openapp" time="0.001"/>
  <testcase classname="Day42.FirstTestCase" name="login" time="0.001"/>
  <testcase classname="Day42.FirstTestCase" name="logout" time="0.001"/>
</testsuite> <!-- my tests -->
